2021-12-04 03:50:43,040 INFO    MainThread:344037 [internal.py:wandb_internal():87] W&B internal server running at pid: 344037, started at: 2021-12-04 03:50:43.040070
2021-12-04 03:50:43,041 DEBUG   HandlerThread:344037 [handler.py:handle_request():130] handle_request: check_version
2021-12-04 03:50:43,041 INFO    WriterThread:344037 [datastore.py:open_for_write():77] open: /media/avidbeam/workspace/Abdelrahman_Workspace/Project_Codes/Synergy/wandb/run-20211204_035042-3rzh9b42/run-3rzh9b42.wandb
2021-12-04 03:50:43,041 DEBUG   SenderThread:344037 [sender.py:send():238] send: header
2021-12-04 03:50:43,041 DEBUG   SenderThread:344037 [sender.py:send_request():252] send_request: check_version
2021-12-04 03:50:43,350 DEBUG   SenderThread:344037 [sender.py:send():238] send: run
2021-12-04 03:50:43,353 INFO    SenderThread:344037 [sender.py:_maybe_setup_resume():505] checking resume status for None/Synergy/3rzh9b42
2021-12-04 03:50:43,712 INFO    SenderThread:344037 [sender.py:_maybe_setup_resume():568] configured resuming with: ResumeState(resumed=True,step=1,history=1,events=29,output=52,runtime=798,wandb_runtime=791,summary={'_wandb': {'runtime': 791}, '_runtime': 705, '_timestamp': 1638582479, 'training loss': 88.87088775634766, 'validation loss': 91.73526763916016, '_step': 0, 'epoch': 0},config={'_wandb': {'desc': None, 'value': {'t': {'1': [2, 3], '2': [2, 3], '3': [3, 5, 13], '4': '3.8.10', '5': '0.12.7', '8': [5]}, 'framework': 'keras', 'start_time': 1638581788, 'cli_version': '0.12.7', 'is_jupyter_run': False, 'python_version': '3.8.10', 'is_kaggle_kernel': False}}})
2021-12-04 03:50:44,070 INFO    SenderThread:344037 [dir_watcher.py:__init__():169] watching files in: /media/avidbeam/workspace/Abdelrahman_Workspace/Project_Codes/Synergy/wandb/run-20211204_035042-3rzh9b42/files
2021-12-04 03:50:44,070 INFO    SenderThread:344037 [sender.py:_start_run_threads():825] run started: 3rzh9b42 with start time 1638581844
2021-12-04 03:50:44,070 DEBUG   SenderThread:344037 [sender.py:send():238] send: summary
2021-12-04 03:50:44,071 INFO    SenderThread:344037 [sender.py:_save_file():960] saving file wandb-summary.json with policy end
2021-12-04 03:50:44,072 DEBUG   HandlerThread:344037 [handler.py:handle_request():130] handle_request: run_start
2021-12-04 03:50:44,771 DEBUG   HandlerThread:344037 [handler.py:handle_request():130] handle_request: stop_status
2021-12-04 03:50:44,771 DEBUG   SenderThread:344037 [sender.py:send_request():252] send_request: stop_status
2021-12-04 03:50:45,070 INFO    Thread-8  :344037 [dir_watcher.py:_on_file_created():217] file/dir created: /media/avidbeam/workspace/Abdelrahman_Workspace/Project_Codes/Synergy/wandb/run-20211204_035042-3rzh9b42/files/wandb-summary.json
2021-12-04 03:50:45,071 INFO    Thread-8  :344037 [dir_watcher.py:_on_file_created():217] file/dir created: /media/avidbeam/workspace/Abdelrahman_Workspace/Project_Codes/Synergy/wandb/run-20211204_035042-3rzh9b42/files/train.py
2021-12-04 03:50:45,071 INFO    Thread-8  :344037 [dir_watcher.py:_on_file_created():217] file/dir created: /media/avidbeam/workspace/Abdelrahman_Workspace/Project_Codes/Synergy/wandb/run-20211204_035042-3rzh9b42/files/output.log
2021-12-04 03:50:45,105 DEBUG   SenderThread:344037 [sender.py:send():238] send: files
2021-12-04 03:50:45,105 INFO    SenderThread:344037 [sender.py:_save_file():960] saving file train.py with policy live
2021-12-04 03:50:45,989 INFO    Thread-11 :344037 [upload_job.py:push():137] Uploaded file /tmp/tmpe044m08vwandb/13vix8l9-train.py
2021-12-04 03:50:47,070 INFO    Thread-8  :344037 [dir_watcher.py:_on_file_modified():230] file/dir modified: /media/avidbeam/workspace/Abdelrahman_Workspace/Project_Codes/Synergy/wandb/run-20211204_035042-3rzh9b42/files/output.log
2021-12-04 03:51:00,107 DEBUG   HandlerThread:344037 [handler.py:handle_request():130] handle_request: stop_status
2021-12-04 03:51:00,107 DEBUG   SenderThread:344037 [sender.py:send_request():252] send_request: stop_status
2021-12-04 03:51:12,914 DEBUG   SenderThread:344037 [sender.py:send():238] send: stats
2021-12-04 03:51:15,421 DEBUG   HandlerThread:344037 [handler.py:handle_request():130] handle_request: stop_status
2021-12-04 03:51:15,422 DEBUG   SenderThread:344037 [sender.py:send_request():252] send_request: stop_status
2021-12-04 03:51:30,736 DEBUG   HandlerThread:344037 [handler.py:handle_request():130] handle_request: stop_status
2021-12-04 03:51:30,736 DEBUG   SenderThread:344037 [sender.py:send_request():252] send_request: stop_status
2021-12-04 03:51:43,054 DEBUG   SenderThread:344037 [sender.py:send():238] send: stats
2021-12-04 03:51:45,081 INFO    Thread-8  :344037 [dir_watcher.py:_on_file_modified():230] file/dir modified: /media/avidbeam/workspace/Abdelrahman_Workspace/Project_Codes/Synergy/wandb/run-20211204_035042-3rzh9b42/files/output.log
2021-12-04 03:51:46,138 DEBUG   HandlerThread:344037 [handler.py:handle_request():130] handle_request: stop_status
2021-12-04 03:51:46,138 DEBUG   SenderThread:344037 [sender.py:send_request():252] send_request: stop_status
2021-12-04 03:51:47,081 INFO    Thread-8  :344037 [dir_watcher.py:_on_file_modified():230] file/dir modified: /media/avidbeam/workspace/Abdelrahman_Workspace/Project_Codes/Synergy/wandb/run-20211204_035042-3rzh9b42/files/output.log
2021-12-04 03:51:49,082 INFO    Thread-8  :344037 [dir_watcher.py:_on_file_modified():230] file/dir modified: /media/avidbeam/workspace/Abdelrahman_Workspace/Project_Codes/Synergy/wandb/run-20211204_035042-3rzh9b42/files/output.log
2021-12-04 03:51:52,082 INFO    Thread-8  :344037 [dir_watcher.py:_on_file_modified():230] file/dir modified: /media/avidbeam/workspace/Abdelrahman_Workspace/Project_Codes/Synergy/wandb/run-20211204_035042-3rzh9b42/files/output.log
2021-12-04 03:51:54,083 INFO    Thread-8  :344037 [dir_watcher.py:_on_file_modified():230] file/dir modified: /media/avidbeam/workspace/Abdelrahman_Workspace/Project_Codes/Synergy/wandb/run-20211204_035042-3rzh9b42/files/output.log
2021-12-04 03:51:56,083 INFO    Thread-8  :344037 [dir_watcher.py:_on_file_modified():230] file/dir modified: /media/avidbeam/workspace/Abdelrahman_Workspace/Project_Codes/Synergy/wandb/run-20211204_035042-3rzh9b42/files/output.log
2021-12-04 03:51:58,084 INFO    Thread-8  :344037 [dir_watcher.py:_on_file_modified():230] file/dir modified: /media/avidbeam/workspace/Abdelrahman_Workspace/Project_Codes/Synergy/wandb/run-20211204_035042-3rzh9b42/files/output.log
2021-12-04 03:51:58,495 WARNING MainThread:344037 [internal.py:wandb_internal():146] Internal process interrupt: 1
2021-12-04 03:52:00,085 INFO    Thread-8  :344037 [dir_watcher.py:_on_file_modified():230] file/dir modified: /media/avidbeam/workspace/Abdelrahman_Workspace/Project_Codes/Synergy/wandb/run-20211204_035042-3rzh9b42/files/output.log
2021-12-04 03:52:01,085 DEBUG   HandlerThread:344037 [handler.py:handle_request():130] handle_request: poll_exit
2021-12-04 03:52:01,086 DEBUG   SenderThread:344037 [sender.py:send():238] send: telemetry
2021-12-04 03:52:01,086 DEBUG   SenderThread:344037 [sender.py:send():238] send: exit
2021-12-04 03:52:01,086 INFO    SenderThread:344037 [sender.py:send_exit():370] handling exit code: 255
2021-12-04 03:52:01,086 INFO    SenderThread:344037 [sender.py:send_exit():372] handling runtime: 868
2021-12-04 03:52:01,088 INFO    Thread-8  :344037 [dir_watcher.py:_on_file_modified():230] file/dir modified: /media/avidbeam/workspace/Abdelrahman_Workspace/Project_Codes/Synergy/wandb/run-20211204_035042-3rzh9b42/files/wandb-summary.json
2021-12-04 03:52:01,088 INFO    Thread-8  :344037 [dir_watcher.py:_on_file_modified():230] file/dir modified: /media/avidbeam/workspace/Abdelrahman_Workspace/Project_Codes/Synergy/wandb/run-20211204_035042-3rzh9b42/files/output.log
2021-12-04 03:52:01,089 INFO    SenderThread:344037 [sender.py:_save_file():960] saving file wandb-summary.json with policy end
2021-12-04 03:52:01,089 INFO    SenderThread:344037 [sender.py:send_exit():382] send defer
2021-12-04 03:52:01,089 DEBUG   SenderThread:344037 [sender.py:send_request():252] send_request: poll_exit
2021-12-04 03:52:01,090 DEBUG   HandlerThread:344037 [handler.py:handle_request():130] handle_request: defer
2021-12-04 03:52:01,090 INFO    HandlerThread:344037 [handler.py:handle_request_defer():147] handle defer: 0
2021-12-04 03:52:01,091 DEBUG   SenderThread:344037 [sender.py:send_request():252] send_request: defer
2021-12-04 03:52:01,091 INFO    SenderThread:344037 [sender.py:send_request_defer():391] handle sender defer: 0
2021-12-04 03:52:01,091 INFO    SenderThread:344037 [sender.py:transition_state():395] send defer: 1
2021-12-04 03:52:01,092 DEBUG   HandlerThread:344037 [handler.py:handle_request():130] handle_request: defer
2021-12-04 03:52:01,092 INFO    HandlerThread:344037 [handler.py:handle_request_defer():147] handle defer: 1
2021-12-04 03:52:01,146 DEBUG   SenderThread:344037 [sender.py:send_request():252] send_request: defer
2021-12-04 03:52:01,146 INFO    SenderThread:344037 [sender.py:send_request_defer():391] handle sender defer: 1
2021-12-04 03:52:01,146 INFO    SenderThread:344037 [sender.py:transition_state():395] send defer: 2
2021-12-04 03:52:01,146 DEBUG   HandlerThread:344037 [handler.py:handle_request():130] handle_request: defer
2021-12-04 03:52:01,146 INFO    HandlerThread:344037 [handler.py:handle_request_defer():147] handle defer: 2
2021-12-04 03:52:01,146 DEBUG   SenderThread:344037 [sender.py:send():238] send: stats
2021-12-04 03:52:01,147 DEBUG   SenderThread:344037 [sender.py:send_request():252] send_request: defer
2021-12-04 03:52:01,147 INFO    SenderThread:344037 [sender.py:send_request_defer():391] handle sender defer: 2
2021-12-04 03:52:01,147 INFO    SenderThread:344037 [sender.py:transition_state():395] send defer: 3
2021-12-04 03:52:01,147 DEBUG   HandlerThread:344037 [handler.py:handle_request():130] handle_request: defer
2021-12-04 03:52:01,147 INFO    HandlerThread:344037 [handler.py:handle_request_defer():147] handle defer: 3
2021-12-04 03:52:01,147 DEBUG   SenderThread:344037 [sender.py:send():238] send: summary
2021-12-04 03:52:01,148 INFO    SenderThread:344037 [sender.py:_save_file():960] saving file wandb-summary.json with policy end
2021-12-04 03:52:01,148 DEBUG   SenderThread:344037 [sender.py:send_request():252] send_request: defer
2021-12-04 03:52:01,148 INFO    SenderThread:344037 [sender.py:send_request_defer():391] handle sender defer: 3
2021-12-04 03:52:01,148 INFO    SenderThread:344037 [sender.py:transition_state():395] send defer: 4
2021-12-04 03:52:01,149 DEBUG   HandlerThread:344037 [handler.py:handle_request():130] handle_request: defer
2021-12-04 03:52:01,149 INFO    HandlerThread:344037 [handler.py:handle_request_defer():147] handle defer: 4
2021-12-04 03:52:01,149 DEBUG   SenderThread:344037 [sender.py:send_request():252] send_request: defer
2021-12-04 03:52:01,149 INFO    SenderThread:344037 [sender.py:send_request_defer():391] handle sender defer: 4
2021-12-04 03:52:01,192 DEBUG   HandlerThread:344037 [handler.py:handle_request():130] handle_request: poll_exit
2021-12-04 03:52:01,501 ERROR   SenderThread:344037 [internal_api.py:execute():144] 409 response executing GraphQL.
2021-12-04 03:52:01,502 ERROR   SenderThread:344037 [internal_api.py:execute():145] {"errors":[{"message":"Error 1062: Duplicate entry '577203-3rzh9b42' for key 'PRIMARY'","path":["upsertBucket"]}],"data":{"upsertBucket":null}}
2021-12-04 03:52:02,089 INFO    Thread-8  :344037 [dir_watcher.py:_on_file_modified():230] file/dir modified: /media/avidbeam/workspace/Abdelrahman_Workspace/Project_Codes/Synergy/wandb/run-20211204_035042-3rzh9b42/files/wandb-summary.json
2021-12-04 03:52:02,148 INFO    WriterThread:344037 [datastore.py:close():281] close: /media/avidbeam/workspace/Abdelrahman_Workspace/Project_Codes/Synergy/wandb/run-20211204_035042-3rzh9b42/run-3rzh9b42.wandb
2021-12-04 03:52:02,194 INFO    HandlerThread:344037 [handler.py:finish():731] shutting down handler
2021-12-04 03:52:02,500 ERROR   MainThread:344037 [internal.py:wandb_internal():158] Thread SenderThread:
Traceback (most recent call last):
  File "/home/avidbeam/.virtualenvs/TensorFlow_2/lib/python3.8/site-packages/wandb/apis/normalize.py", line 24, in wrapper
    return func(*args, **kwargs)
  File "/home/avidbeam/.virtualenvs/TensorFlow_2/lib/python3.8/site-packages/wandb/sdk/internal/internal_api.py", line 1298, in upsert_run
    response = self.gql(mutation, variable_values=variable_values, **kwargs)
  File "/home/avidbeam/.virtualenvs/TensorFlow_2/lib/python3.8/site-packages/wandb/sdk/lib/retry.py", line 102, in __call__
    result = self._call_fn(*args, **kwargs)
  File "/home/avidbeam/.virtualenvs/TensorFlow_2/lib/python3.8/site-packages/wandb/sdk/internal/internal_api.py", line 147, in execute
    six.reraise(*sys.exc_info())
  File "/home/avidbeam/.virtualenvs/TensorFlow_2/lib/python3.8/site-packages/six.py", line 719, in reraise
    raise value
  File "/home/avidbeam/.virtualenvs/TensorFlow_2/lib/python3.8/site-packages/wandb/sdk/internal/internal_api.py", line 141, in execute
    return self.client.execute(*args, **kwargs)
  File "/home/avidbeam/.virtualenvs/TensorFlow_2/lib/python3.8/site-packages/wandb/vendor/gql-0.2.0/gql/client.py", line 52, in execute
    result = self._get_result(document, *args, **kwargs)
  File "/home/avidbeam/.virtualenvs/TensorFlow_2/lib/python3.8/site-packages/wandb/vendor/gql-0.2.0/gql/client.py", line 60, in _get_result
    return self.transport.execute(document, *args, **kwargs)
  File "/home/avidbeam/.virtualenvs/TensorFlow_2/lib/python3.8/site-packages/wandb/vendor/gql-0.2.0/gql/transport/requests.py", line 39, in execute
    request.raise_for_status()
  File "/home/avidbeam/.virtualenvs/TensorFlow_2/lib/python3.8/site-packages/requests/models.py", line 953, in raise_for_status
    raise HTTPError(http_error_msg, response=self)
requests.exceptions.HTTPError: 409 Client Error: Conflict for url: https://api.wandb.ai/graphql

During handling of the above exception, another exception occurred:

Traceback (most recent call last):
  File "/home/avidbeam/.virtualenvs/TensorFlow_2/lib/python3.8/site-packages/wandb/sdk/internal/internal_util.py", line 52, in run
    self._run()
  File "/home/avidbeam/.virtualenvs/TensorFlow_2/lib/python3.8/site-packages/wandb/sdk/internal/internal_util.py", line 102, in _run
    self._process(record)
  File "/home/avidbeam/.virtualenvs/TensorFlow_2/lib/python3.8/site-packages/wandb/sdk/internal/internal.py", line 291, in _process
    self._sm.send(record)
  File "/home/avidbeam/.virtualenvs/TensorFlow_2/lib/python3.8/site-packages/wandb/sdk/internal/sender.py", line 240, in send
    send_handler(record)
  File "/home/avidbeam/.virtualenvs/TensorFlow_2/lib/python3.8/site-packages/wandb/sdk/internal/sender.py", line 254, in send_request
    send_handler(record)
  File "/home/avidbeam/.virtualenvs/TensorFlow_2/lib/python3.8/site-packages/wandb/sdk/internal/sender.py", line 411, in send_request_defer
    self.debounce()
  File "/home/avidbeam/.virtualenvs/TensorFlow_2/lib/python3.8/site-packages/wandb/sdk/internal/sender.py", line 319, in debounce
    self._debounce_config()
  File "/home/avidbeam/.virtualenvs/TensorFlow_2/lib/python3.8/site-packages/wandb/sdk/internal/sender.py", line 325, in _debounce_config
    self._api.upsert_run(
  File "/home/avidbeam/.virtualenvs/TensorFlow_2/lib/python3.8/site-packages/wandb/apis/normalize.py", line 26, in wrapper
    raise CommError(err.response, err)
wandb.errors.CommError: <Response [409]>
2021-12-04 03:52:04,516 INFO    MainThread:344037 [internal.py:handle_exit():77] Internal process exited
